= request flow in spring boot

. request -> servlet container -> dispatcher servlet
. Dispatcher servlet do:
.. choose controller -> IOC -> object create
.. preHandle will execute
.. call to controller
.. postHandle
.. afterCompletion
.. get response from controller

image::image-2024-10-13-19-38-20-358.png[]


A class is a user-defined blueprint or prototype from which objects are created. It represents the set of properties or
methods that are common to all objects of one type. In general, class declarations can include these components, in
order:

Modifiers: A class can be public or has default access.
Class name:The name should begin with an initial letter (capitalized by convention).
Superclass(if any): The name of the class’s parent (superclass), if any, preceded by the keyword extends. A class can
only extend (subclass) one parent.
Interfaces(if any): A comma-separated list of interfaces implemented by the class, if any, preceded by the keyword
implements. A class can implement more than one interface.
Body: The class body surrounded by braces, { }.

implemented implements surrounded

## class:
- prototype to create objects
- Pascal case
- only extend (subclass) one parent.
- implement more than one interface.
- superclass and subclass same field name: field value gets override.


## Abstraction
- hide certain details
- show essential information to user
- class declared with abstract keyword
- can have abstract and non-abstract methods


## object class
- defines base state and behavior of every object
- parent class of all class.




